<?xml version="1.0" encoding="utf-8"?><testsuites><testsuite name="pytest" errors="0" failures="0" skipped="0" tests="16" time="39.516" timestamp="2025-04-30T01:31:55.738253-07:00" hostname="ad12a3ca-01.cloud.together.ai"><testcase classname="tests.test_attention" name="test_flash_forward_pass_pytorch" time="0.197" /><testcase classname="tests.test_attention" name="test_flash_forward_pass_triton[False]" time="0.773" /><testcase classname="tests.test_attention" name="test_flash_forward_pass_triton[True]" time="0.023" /><testcase classname="tests.test_attention" name="test_flash_backward_pytorch" time="0.316" /><testcase classname="tests.test_attention" name="test_flash_backward_triton[False]" time="0.328" /><testcase classname="tests.test_attention" name="test_flash_backward_triton[True]" time="0.142" /><testcase classname="tests.test_ddp" name="test_DistributedDataParallelCPU[0.0016-ToyModel]" time="3.608" /><testcase classname="tests.test_ddp" name="test_DistributedDataParallelCPU[0.0016-ToyModelWithTiedWeights]" time="3.626" /><testcase classname="tests.test_ddp" name="test_DistributedDataParallelCPU[0.0001-ToyModel]" time="3.599" /><testcase classname="tests.test_ddp" name="test_DistributedDataParallelCPU[0.0001-ToyModelWithTiedWeights]" time="3.620" /><testcase classname="tests.test_ddp" name="test_DistributedDataParallelCPU[0.01-ToyModel]" time="3.470" /><testcase classname="tests.test_ddp" name="test_DistributedDataParallelCPU[0.01-ToyModelWithTiedWeights]" time="3.528" /><testcase classname="tests.test_ddp_individual_parameters" name="test_DistributedDataParallelIndividualParameters[ToyModel]" time="3.930" /><testcase classname="tests.test_ddp_individual_parameters" name="test_DistributedDataParallelIndividualParameters[ToyModelWithTiedWeights]" time="3.567" /><testcase classname="tests.test_sharded_optimizer" name="test_sharded_optimizer[ToyModel]" time="3.947" /><testcase classname="tests.test_sharded_optimizer" name="test_sharded_optimizer[ToyModelWithTiedWeights]" time="3.501" /></testsuite></testsuites>